<?xml version="1.0" encoding="UTF-8"?>
<coverage generated="1581013635152" clover="3.2.0">
  <project timestamp="1581013635152" name="All files">
    <metrics statements="89" coveredstatements="89" conditionals="27" coveredconditionals="26" methods="51" coveredmethods="51" elements="167" coveredelements="166" complexity="0" loc="89" ncloc="89" packages="2" files="7" classes="7"/>
    <package name="src">
      <metrics statements="44" coveredstatements="44" conditionals="19" coveredconditionals="19" methods="25" coveredmethods="25"/>
      <file name="buildAst.js" path="/Users/sam/Desktop/backend-project-lvl2/src/buildAst.js">
        <metrics statements="20" coveredstatements="20" conditionals="16" coveredconditionals="16" methods="17" coveredmethods="17"/>
        <line num="1" count="150" type="cond" truecount="2" falsecount="0"/>
        <line num="3" count="474" type="stmt"/>
        <line num="5" count="1" type="stmt"/>
        <line num="8" count="96" type="cond" truecount="2" falsecount="0"/>
        <line num="9" count="30" type="stmt"/>
        <line num="13" count="66" type="cond" truecount="2" falsecount="0"/>
        <line num="14" count="12" type="stmt"/>
        <line num="18" count="54" type="cond" truecount="4" falsecount="0"/>
        <line num="20" count="18" type="stmt"/>
        <line num="24" count="36" type="cond" truecount="3" falsecount="0"/>
        <line num="25" count="18" type="stmt"/>
        <line num="29" count="18" type="cond" truecount="3" falsecount="0"/>
        <line num="30" count="18" type="stmt"/>
        <line num="34" count="270" type="stmt"/>
        <line num="36" count="1" type="stmt"/>
        <line num="37" count="24" type="stmt"/>
        <line num="38" count="24" type="stmt"/>
        <line num="39" count="96" type="stmt"/>
        <line num="40" count="96" type="stmt"/>
        <line num="44" count="1" type="stmt"/>
      </file>
      <file name="index.js" path="/Users/sam/Desktop/backend-project-lvl2/src/index.js">
        <metrics statements="16" coveredstatements="16" conditionals="1" coveredconditionals="1" methods="3" coveredmethods="3"/>
        <line num="1" count="1" type="stmt"/>
        <line num="2" count="1" type="stmt"/>
        <line num="3" count="1" type="stmt"/>
        <line num="4" count="1" type="stmt"/>
        <line num="5" count="1" type="stmt"/>
        <line num="7" count="12" type="stmt"/>
        <line num="8" count="12" type="stmt"/>
        <line num="10" count="1" type="cond" truecount="1" falsecount="0"/>
        <line num="11" count="6" type="stmt"/>
        <line num="12" count="6" type="stmt"/>
        <line num="13" count="6" type="stmt"/>
        <line num="14" count="6" type="stmt"/>
        <line num="15" count="6" type="stmt"/>
        <line num="16" count="6" type="stmt"/>
        <line num="17" count="6" type="stmt"/>
        <line num="18" count="6" type="stmt"/>
      </file>
      <file name="parsers.js" path="/Users/sam/Desktop/backend-project-lvl2/src/parsers.js">
        <metrics statements="6" coveredstatements="6" conditionals="0" coveredconditionals="0" methods="3" coveredmethods="3"/>
        <line num="1" count="1" type="stmt"/>
        <line num="2" count="1" type="stmt"/>
        <line num="4" count="1" type="stmt"/>
        <line num="5" count="4" type="stmt"/>
        <line num="6" count="4" type="stmt"/>
        <line num="7" count="4" type="stmt"/>
      </file>
      <file name="utils.js" path="/Users/sam/Desktop/backend-project-lvl2/src/utils.js">
        <metrics statements="2" coveredstatements="2" conditionals="2" coveredconditionals="2" methods="2" coveredmethods="2"/>
        <line num="1" count="93" type="cond" truecount="2" falsecount="0"/>
        <line num="4" count="1" type="stmt"/>
      </file>
    </package>
    <package name="src.formatters">
      <metrics statements="45" coveredstatements="45" conditionals="8" coveredconditionals="7" methods="26" coveredmethods="26"/>
      <file name="index.js" path="/Users/sam/Desktop/backend-project-lvl2/src/formatters/index.js">
        <metrics statements="6" coveredstatements="6" conditionals="0" coveredconditionals="0" methods="3" coveredmethods="3"/>
        <line num="1" count="1" type="stmt"/>
        <line num="2" count="1" type="stmt"/>
        <line num="4" count="1" type="stmt"/>
        <line num="5" count="3" type="stmt"/>
        <line num="6" count="3" type="stmt"/>
        <line num="9" count="6" type="stmt"/>
      </file>
      <file name="toObject.js" path="/Users/sam/Desktop/backend-project-lvl2/src/formatters/toObject.js">
        <metrics statements="26" coveredstatements="26" conditionals="4" coveredconditionals="3" methods="13" coveredmethods="13"/>
        <line num="1" count="1" type="stmt"/>
        <line num="3" count="96" type="stmt"/>
        <line num="5" count="63" type="stmt"/>
        <line num="7" count="1" type="stmt"/>
        <line num="8" count="15" type="stmt"/>
        <line num="9" count="15" type="cond" truecount="1" falsecount="1"/>
        <line num="16" count="1" type="stmt"/>
        <line num="17" count="48" type="cond" truecount="2" falsecount="0"/>
        <line num="18" count="48" type="stmt"/>
        <line num="19" count="48" type="stmt"/>
        <line num="22" count="1" type="stmt"/>
        <line num="24" count="24" type="stmt"/>
        <line num="25" count="24" type="stmt"/>
        <line num="28" count="15" type="stmt"/>
        <line num="29" count="15" type="stmt"/>
        <line num="31" count="9" type="stmt"/>
        <line num="33" count="9" type="stmt"/>
        <line num="34" count="9" type="stmt"/>
        <line num="37" count="9" type="stmt"/>
        <line num="38" count="9" type="stmt"/>
        <line num="43" count="1" type="stmt"/>
        <line num="44" count="48" type="stmt"/>
        <line num="45" count="3" type="stmt"/>
        <line num="46" count="3" type="stmt"/>
        <line num="47" count="3" type="stmt"/>
        <line num="50" count="1" type="stmt"/>
      </file>
      <file name="toPlain.js" path="/Users/sam/Desktop/backend-project-lvl2/src/formatters/toPlain.js">
        <metrics statements="13" coveredstatements="13" conditionals="4" coveredconditionals="4" methods="10" coveredmethods="10"/>
        <line num="1" count="33" type="cond" truecount="2" falsecount="0"/>
        <line num="3" count="1" type="stmt"/>
        <line num="4" count="3" type="stmt"/>
        <line num="5" count="15" type="stmt"/>
        <line num="6" count="6" type="stmt"/>
        <line num="7" count="9" type="stmt"/>
        <line num="8" count="36" type="stmt"/>
        <line num="9" count="9" type="stmt"/>
        <line num="11" count="12" type="stmt"/>
        <line num="12" count="48" type="stmt"/>
        <line num="13" count="48" type="cond" truecount="2" falsecount="0"/>
        <line num="15" count="3" type="stmt"/>
        <line num="18" count="1" type="stmt"/>
      </file>
    </package>
  </project>
</coverage>
