{"/Users/sam/Desktop/backend-project-lvl2/src/buildAst.js": {"path":"/Users/sam/Desktop/backend-project-lvl2/src/buildAst.js","statementMap":{"0":{"start":{"line":1,"column":13},"end":{"line":1,"column":92}},"1":{"start":{"line":1,"column":26},"end":{"line":1,"column":92}},"2":{"start":{"line":1,"column":51},"end":{"line":1,"column":86}},"3":{"start":{"line":3,"column":12},"end":{"line":3,"column":52}},"4":{"start":{"line":3,"column":24},"end":{"line":3,"column":52}},"5":{"start":{"line":5,"column":14},"end":{"line":32,"column":1}},"6":{"start":{"line":8,"column":32},"end":{"line":8,"column":65}},"7":{"start":{"line":9,"column":33},"end":{"line":9,"column":56}},"8":{"start":{"line":13,"column":32},"end":{"line":13,"column":65}},"9":{"start":{"line":14,"column":33},"end":{"line":14,"column":56}},"10":{"start":{"line":18,"column":32},"end":{"line":19,"column":71}},"11":{"start":{"line":20,"column":40},"end":{"line":20,"column":81}},"12":{"start":{"line":24,"column":32},"end":{"line":24,"column":91}},"13":{"start":{"line":25,"column":33},"end":{"line":25,"column":53}},"14":{"start":{"line":29,"column":32},"end":{"line":29,"column":91}},"15":{"start":{"line":30,"column":33},"end":{"line":30,"column":77}},"16":{"start":{"line":34,"column":25},"end":{"line":34,"column":79}},"17":{"start":{"line":34,"column":38},"end":{"line":34,"column":79}},"18":{"start":{"line":34,"column":64},"end":{"line":34,"column":78}},"19":{"start":{"line":36,"column":14},"end":{"line":42,"column":1}},"20":{"start":{"line":37,"column":15},"end":{"line":37,"column":63}},"21":{"start":{"line":38,"column":2},"end":{"line":41,"column":5}},"22":{"start":{"line":39,"column":28},"end":{"line":39,"column":61}},"23":{"start":{"line":40,"column":4},"end":{"line":40,"column":65}},"24":{"start":{"line":44,"column":0},"end":{"line":44,"column":23}}},"fnMap":{"0":{"name":"(anonymous_0)","decl":{"start":{"line":1,"column":13},"end":{"line":1,"column":14}},"loc":{"start":{"line":1,"column":26},"end":{"line":1,"column":92}},"line":1},"1":{"name":"(anonymous_1)","decl":{"start":{"line":1,"column":38},"end":{"line":1,"column":39}},"loc":{"start":{"line":1,"column":51},"end":{"line":1,"column":86}},"line":1},"2":{"name":"(anonymous_2)","decl":{"start":{"line":3,"column":12},"end":{"line":3,"column":13}},"loc":{"start":{"line":3,"column":24},"end":{"line":3,"column":52}},"line":3},"3":{"name":"(anonymous_3)","decl":{"start":{"line":8,"column":11},"end":{"line":8,"column":12}},"loc":{"start":{"line":8,"column":32},"end":{"line":8,"column":65}},"line":8},"4":{"name":"(anonymous_4)","decl":{"start":{"line":9,"column":11},"end":{"line":9,"column":12}},"loc":{"start":{"line":9,"column":33},"end":{"line":9,"column":56}},"line":9},"5":{"name":"(anonymous_5)","decl":{"start":{"line":13,"column":11},"end":{"line":13,"column":12}},"loc":{"start":{"line":13,"column":32},"end":{"line":13,"column":65}},"line":13},"6":{"name":"(anonymous_6)","decl":{"start":{"line":14,"column":11},"end":{"line":14,"column":12}},"loc":{"start":{"line":14,"column":33},"end":{"line":14,"column":56}},"line":14},"7":{"name":"(anonymous_7)","decl":{"start":{"line":18,"column":11},"end":{"line":18,"column":12}},"loc":{"start":{"line":18,"column":32},"end":{"line":19,"column":71}},"line":18},"8":{"name":"(anonymous_8)","decl":{"start":{"line":20,"column":11},"end":{"line":20,"column":12}},"loc":{"start":{"line":20,"column":40},"end":{"line":20,"column":81}},"line":20},"9":{"name":"(anonymous_9)","decl":{"start":{"line":24,"column":11},"end":{"line":24,"column":12}},"loc":{"start":{"line":24,"column":32},"end":{"line":24,"column":91}},"line":24},"10":{"name":"(anonymous_10)","decl":{"start":{"line":25,"column":11},"end":{"line":25,"column":12}},"loc":{"start":{"line":25,"column":33},"end":{"line":25,"column":53}},"line":25},"11":{"name":"(anonymous_11)","decl":{"start":{"line":29,"column":11},"end":{"line":29,"column":12}},"loc":{"start":{"line":29,"column":32},"end":{"line":29,"column":91}},"line":29},"12":{"name":"(anonymous_12)","decl":{"start":{"line":30,"column":11},"end":{"line":30,"column":12}},"loc":{"start":{"line":30,"column":33},"end":{"line":30,"column":77}},"line":30},"13":{"name":"(anonymous_13)","decl":{"start":{"line":34,"column":25},"end":{"line":34,"column":26}},"loc":{"start":{"line":34,"column":38},"end":{"line":34,"column":79}},"line":34},"14":{"name":"(anonymous_14)","decl":{"start":{"line":34,"column":49},"end":{"line":34,"column":50}},"loc":{"start":{"line":34,"column":64},"end":{"line":34,"column":78}},"line":34},"15":{"name":"(anonymous_15)","decl":{"start":{"line":36,"column":14},"end":{"line":36,"column":15}},"loc":{"start":{"line":36,"column":30},"end":{"line":42,"column":1}},"line":36},"16":{"name":"(anonymous_16)","decl":{"start":{"line":38,"column":18},"end":{"line":38,"column":19}},"loc":{"start":{"line":38,"column":27},"end":{"line":41,"column":3}},"line":38}},"branchMap":{"0":{"loc":{"start":{"line":1,"column":51},"end":{"line":1,"column":86}},"type":"cond-expr","locations":[{"start":{"line":1,"column":69},"end":{"line":1,"column":72}},{"start":{"line":1,"column":75},"end":{"line":1,"column":86}}],"line":1},"1":{"loc":{"start":{"line":8,"column":32},"end":{"line":8,"column":65}},"type":"binary-expr","locations":[{"start":{"line":8,"column":32},"end":{"line":8,"column":46}},{"start":{"line":8,"column":50},"end":{"line":8,"column":65}}],"line":8},"2":{"loc":{"start":{"line":13,"column":32},"end":{"line":13,"column":65}},"type":"binary-expr","locations":[{"start":{"line":13,"column":32},"end":{"line":13,"column":47}},{"start":{"line":13,"column":51},"end":{"line":13,"column":65}}],"line":13},"3":{"loc":{"start":{"line":18,"column":32},"end":{"line":19,"column":71}},"type":"binary-expr","locations":[{"start":{"line":18,"column":32},"end":{"line":18,"column":46}},{"start":{"line":18,"column":50},"end":{"line":18,"column":64}},{"start":{"line":19,"column":9},"end":{"line":19,"column":38}},{"start":{"line":19,"column":42},"end":{"line":19,"column":71}}],"line":18},"4":{"loc":{"start":{"line":24,"column":32},"end":{"line":24,"column":91}},"type":"binary-expr","locations":[{"start":{"line":24,"column":32},"end":{"line":24,"column":46}},{"start":{"line":24,"column":50},"end":{"line":24,"column":64}},{"start":{"line":24,"column":68},"end":{"line":24,"column":91}}],"line":24},"5":{"loc":{"start":{"line":29,"column":32},"end":{"line":29,"column":91}},"type":"binary-expr","locations":[{"start":{"line":29,"column":32},"end":{"line":29,"column":46}},{"start":{"line":29,"column":50},"end":{"line":29,"column":64}},{"start":{"line":29,"column":68},"end":{"line":29,"column":91}}],"line":29}},"s":{"0":1,"1":24,"2":150,"3":1,"4":474,"5":1,"6":96,"7":30,"8":66,"9":12,"10":54,"11":18,"12":36,"13":18,"14":18,"15":18,"16":1,"17":96,"18":270,"19":1,"20":24,"21":24,"22":96,"23":96,"24":1},"f":{"0":24,"1":150,"2":474,"3":96,"4":30,"5":66,"6":12,"7":54,"8":18,"9":36,"10":18,"11":18,"12":18,"13":96,"14":270,"15":24,"16":96},"b":{"0":[54,96],"1":[96,84],"2":[66,12],"3":[54,54,54,24],"4":[36,36,36],"5":[18,18,18]},"_coverageSchema":"43e27e138ebf9cfc5966b082cf9a028302ed4184","hash":"d5a7db14d2a86f9aaebc0b2504f6647f19113730"}
,"/Users/sam/Desktop/backend-project-lvl2/src/index.js": {"path":"/Users/sam/Desktop/backend-project-lvl2/src/index.js","statementMap":{"0":{"start":{"line":1,"column":11},"end":{"line":1,"column":24}},"1":{"start":{"line":2,"column":13},"end":{"line":2,"column":28}},"2":{"start":{"line":3,"column":15},"end":{"line":3,"column":38}},"3":{"start":{"line":4,"column":12},"end":{"line":4,"column":36}},"4":{"start":{"line":5,"column":15},"end":{"line":5,"column":38}},"5":{"start":{"line":7,"column":18},"end":{"line":7,"column":56}},"6":{"start":{"line":7,"column":36},"end":{"line":7,"column":56}},"7":{"start":{"line":8,"column":18},"end":{"line":8,"column":44}},"8":{"start":{"line":8,"column":27},"end":{"line":8,"column":44}},"9":{"start":{"line":10,"column":0},"end":{"line":19,"column":2}},"10":{"start":{"line":11,"column":25},"end":{"line":11,"column":56}},"11":{"start":{"line":12,"column":26},"end":{"line":12,"column":57}},"12":{"start":{"line":13,"column":18},"end":{"line":13,"column":34}},"13":{"start":{"line":14,"column":18},"end":{"line":14,"column":34}},"14":{"start":{"line":15,"column":22},"end":{"line":15,"column":56}},"15":{"start":{"line":16,"column":23},"end":{"line":16,"column":58}},"16":{"start":{"line":17,"column":15},"end":{"line":17,"column":45}},"17":{"start":{"line":18,"column":2},"end":{"line":18,"column":36}}},"fnMap":{"0":{"name":"(anonymous_0)","decl":{"start":{"line":7,"column":18},"end":{"line":7,"column":19}},"loc":{"start":{"line":7,"column":36},"end":{"line":7,"column":56}},"line":7},"1":{"name":"(anonymous_1)","decl":{"start":{"line":8,"column":18},"end":{"line":8,"column":19}},"loc":{"start":{"line":8,"column":27},"end":{"line":8,"column":44}},"line":8},"2":{"name":"(anonymous_2)","decl":{"start":{"line":10,"column":17},"end":{"line":10,"column":18}},"loc":{"start":{"line":10,"column":60},"end":{"line":19,"column":1}},"line":10}},"branchMap":{"0":{"loc":{"start":{"line":10,"column":32},"end":{"line":10,"column":55}},"type":"default-arg","locations":[{"start":{"line":10,"column":47},"end":{"line":10,"column":55}}],"line":10}},"s":{"0":1,"1":1,"2":1,"3":1,"4":1,"5":1,"6":12,"7":1,"8":12,"9":1,"10":6,"11":6,"12":6,"13":6,"14":6,"15":6,"16":6,"17":6},"f":{"0":12,"1":12,"2":6},"b":{"0":[3]},"_coverageSchema":"43e27e138ebf9cfc5966b082cf9a028302ed4184","hash":"6539a55b7c833701d2171981502aa85e99f43082"}
,"/Users/sam/Desktop/backend-project-lvl2/src/parsers.js": {"path":"/Users/sam/Desktop/backend-project-lvl2/src/parsers.js","statementMap":{"0":{"start":{"line":1,"column":13},"end":{"line":1,"column":31}},"1":{"start":{"line":2,"column":12},"end":{"line":2,"column":26}},"2":{"start":{"line":4,"column":0},"end":{"line":8,"column":2}},"3":{"start":{"line":5,"column":21},"end":{"line":5,"column":37}},"4":{"start":{"line":6,"column":20},"end":{"line":6,"column":39}},"5":{"start":{"line":7,"column":20},"end":{"line":7,"column":36}}},"fnMap":{"0":{"name":"(anonymous_0)","decl":{"start":{"line":5,"column":11},"end":{"line":5,"column":12}},"loc":{"start":{"line":5,"column":21},"end":{"line":5,"column":37}},"line":5},"1":{"name":"(anonymous_1)","decl":{"start":{"line":6,"column":10},"end":{"line":6,"column":11}},"loc":{"start":{"line":6,"column":20},"end":{"line":6,"column":39}},"line":6},"2":{"name":"(anonymous_2)","decl":{"start":{"line":7,"column":10},"end":{"line":7,"column":11}},"loc":{"start":{"line":7,"column":20},"end":{"line":7,"column":36}},"line":7}},"branchMap":{},"s":{"0":1,"1":1,"2":1,"3":4,"4":4,"5":4},"f":{"0":4,"1":4,"2":4},"b":{},"_coverageSchema":"43e27e138ebf9cfc5966b082cf9a028302ed4184","hash":"db8f1ac49f70acf1dccb4ec3aa720837d2c81837"}
,"/Users/sam/Desktop/backend-project-lvl2/src/utils.js": {"path":"/Users/sam/Desktop/backend-project-lvl2/src/utils.js","statementMap":{"0":{"start":{"line":1,"column":16},"end":{"line":2,"column":47}},"1":{"start":{"line":1,"column":23},"end":{"line":2,"column":47}},"2":{"start":{"line":1,"column":45},"end":{"line":2,"column":41}},"3":{"start":{"line":4,"column":0},"end":{"line":4,"column":25}}},"fnMap":{"0":{"name":"(anonymous_0)","decl":{"start":{"line":1,"column":16},"end":{"line":1,"column":17}},"loc":{"start":{"line":1,"column":23},"end":{"line":2,"column":47}},"line":1},"1":{"name":"(anonymous_1)","decl":{"start":{"line":1,"column":32},"end":{"line":1,"column":33}},"loc":{"start":{"line":1,"column":45},"end":{"line":2,"column":41}},"line":1}},"branchMap":{"0":{"loc":{"start":{"line":1,"column":45},"end":{"line":2,"column":41}},"type":"cond-expr","locations":[{"start":{"line":2,"column":4},"end":{"line":2,"column":27}},{"start":{"line":2,"column":30},"end":{"line":2,"column":41}}],"line":1}},"s":{"0":1,"1":30,"2":93,"3":1},"f":{"0":30,"1":93},"b":{"0":[27,66]},"_coverageSchema":"43e27e138ebf9cfc5966b082cf9a028302ed4184","hash":"386087f7af3a8a1f65138a4be512b45dcaa93f5e"}
,"/Users/sam/Desktop/backend-project-lvl2/src/formatters/index.js": {"path":"/Users/sam/Desktop/backend-project-lvl2/src/formatters/index.js","statementMap":{"0":{"start":{"line":1,"column":17},"end":{"line":1,"column":40}},"1":{"start":{"line":2,"column":18},"end":{"line":2,"column":42}},"2":{"start":{"line":4,"column":15},"end":{"line":7,"column":1}},"3":{"start":{"line":5,"column":19},"end":{"line":5,"column":33}},"4":{"start":{"line":6,"column":18},"end":{"line":6,"column":31}},"5":{"start":{"line":9,"column":0},"end":{"line":9,"column":54}},"6":{"start":{"line":9,"column":34},"end":{"line":9,"column":53}}},"fnMap":{"0":{"name":"(anonymous_0)","decl":{"start":{"line":5,"column":10},"end":{"line":5,"column":11}},"loc":{"start":{"line":5,"column":19},"end":{"line":5,"column":33}},"line":5},"1":{"name":"(anonymous_1)","decl":{"start":{"line":6,"column":9},"end":{"line":6,"column":10}},"loc":{"start":{"line":6,"column":18},"end":{"line":6,"column":31}},"line":6},"2":{"name":"(anonymous_2)","decl":{"start":{"line":9,"column":17},"end":{"line":9,"column":18}},"loc":{"start":{"line":9,"column":34},"end":{"line":9,"column":53}},"line":9}},"branchMap":{},"s":{"0":1,"1":1,"2":1,"3":3,"4":3,"5":1,"6":6},"f":{"0":3,"1":3,"2":6},"b":{},"_coverageSchema":"43e27e138ebf9cfc5966b082cf9a028302ed4184","hash":"90fbc32269c5b3f8152689464877d8c73c12f894"}
,"/Users/sam/Desktop/backend-project-lvl2/src/formatters/toObject.js": {"path":"/Users/sam/Desktop/backend-project-lvl2/src/formatters/toObject.js","statementMap":{"0":{"start":{"line":1,"column":16},"end":{"line":1,"column":38}},"1":{"start":{"line":3,"column":18},"end":{"line":3,"column":41}},"2":{"start":{"line":3,"column":26},"end":{"line":3,"column":40}},"3":{"start":{"line":5,"column":14},"end":{"line":5,"column":48}},"4":{"start":{"line":5,"column":24},"end":{"line":5,"column":47}},"5":{"start":{"line":7,"column":17},"end":{"line":14,"column":1}},"6":{"start":{"line":8,"column":15},"end":{"line":8,"column":31}},"7":{"start":{"line":9,"column":2},"end":{"line":13,"column":43}},"8":{"start":{"line":9,"column":28},"end":{"line":13,"column":40}},"9":{"start":{"line":16,"column":15},"end":{"line":20,"column":1}},"10":{"start":{"line":17,"column":22},"end":{"line":17,"column":71}},"11":{"start":{"line":18,"column":14},"end":{"line":18,"column":66}},"12":{"start":{"line":19,"column":2},"end":{"line":19,"column":13}},"13":{"start":{"line":22,"column":14},"end":{"line":41,"column":1}},"14":{"start":{"line":24,"column":31},"end":{"line":24,"column":35}},"15":{"start":{"line":25,"column":4},"end":{"line":25,"column":46}},"16":{"start":{"line":28,"column":31},"end":{"line":28,"column":35}},"17":{"start":{"line":29,"column":4},"end":{"line":29,"column":46}},"18":{"start":{"line":31,"column":28},"end":{"line":31,"column":82}},"19":{"start":{"line":33,"column":28},"end":{"line":33,"column":32}},"20":{"start":{"line":34,"column":4},"end":{"line":34,"column":43}},"21":{"start":{"line":37,"column":31},"end":{"line":37,"column":35}},"22":{"start":{"line":38,"column":4},"end":{"line":39,"column":34}},"23":{"start":{"line":43,"column":15},"end":{"line":48,"column":1}},"24":{"start":{"line":44,"column":13},"end":{"line":44,"column":81}},"25":{"start":{"line":44,"column":29},"end":{"line":44,"column":81}},"26":{"start":{"line":44,"column":47},"end":{"line":44,"column":80}},"27":{"start":{"line":45,"column":16},"end":{"line":45,"column":17}},"28":{"start":{"line":46,"column":19},"end":{"line":46,"column":53}},"29":{"start":{"line":47,"column":2},"end":{"line":47,"column":31}},"30":{"start":{"line":50,"column":0},"end":{"line":50,"column":24}}},"fnMap":{"0":{"name":"(anonymous_0)","decl":{"start":{"line":3,"column":18},"end":{"line":3,"column":19}},"loc":{"start":{"line":3,"column":26},"end":{"line":3,"column":40}},"line":3},"1":{"name":"(anonymous_1)","decl":{"start":{"line":5,"column":14},"end":{"line":5,"column":15}},"loc":{"start":{"line":5,"column":24},"end":{"line":5,"column":47}},"line":5},"2":{"name":"(anonymous_2)","decl":{"start":{"line":7,"column":17},"end":{"line":7,"column":18}},"loc":{"start":{"line":7,"column":33},"end":{"line":14,"column":1}},"line":7},"3":{"name":"(anonymous_3)","decl":{"start":{"line":9,"column":18},"end":{"line":9,"column":19}},"loc":{"start":{"line":9,"column":28},"end":{"line":13,"column":40}},"line":9},"4":{"name":"(anonymous_4)","decl":{"start":{"line":16,"column":15},"end":{"line":16,"column":16}},"loc":{"start":{"line":16,"column":45},"end":{"line":20,"column":1}},"line":16},"5":{"name":"(anonymous_5)","decl":{"start":{"line":23,"column":9},"end":{"line":23,"column":10}},"loc":{"start":{"line":23,"column":26},"end":{"line":26,"column":3}},"line":23},"6":{"name":"(anonymous_6)","decl":{"start":{"line":27,"column":11},"end":{"line":27,"column":12}},"loc":{"start":{"line":27,"column":28},"end":{"line":30,"column":3}},"line":27},"7":{"name":"(anonymous_7)","decl":{"start":{"line":31,"column":11},"end":{"line":31,"column":12}},"loc":{"start":{"line":31,"column":28},"end":{"line":31,"column":82}},"line":31},"8":{"name":"(anonymous_8)","decl":{"start":{"line":32,"column":10},"end":{"line":32,"column":11}},"loc":{"start":{"line":32,"column":27},"end":{"line":35,"column":3}},"line":32},"9":{"name":"(anonymous_9)","decl":{"start":{"line":36,"column":10},"end":{"line":36,"column":11}},"loc":{"start":{"line":36,"column":31},"end":{"line":40,"column":3}},"line":36},"10":{"name":"(anonymous_10)","decl":{"start":{"line":43,"column":15},"end":{"line":43,"column":16}},"loc":{"start":{"line":43,"column":24},"end":{"line":48,"column":1}},"line":43},"11":{"name":"(anonymous_11)","decl":{"start":{"line":44,"column":13},"end":{"line":44,"column":14}},"loc":{"start":{"line":44,"column":29},"end":{"line":44,"column":81}},"line":44},"12":{"name":"(anonymous_12)","decl":{"start":{"line":44,"column":37},"end":{"line":44,"column":38}},"loc":{"start":{"line":44,"column":47},"end":{"line":44,"column":80}},"line":44}},"branchMap":{"0":{"loc":{"start":{"line":9,"column":28},"end":{"line":13,"column":40}},"type":"cond-expr","locations":[{"start":{"line":10,"column":6},"end":{"line":11,"column":76}},{"start":{"line":12,"column":6},"end":{"line":13,"column":40}}],"line":9},"1":{"loc":{"start":{"line":17,"column":22},"end":{"line":17,"column":71}},"type":"cond-expr","locations":[{"start":{"line":17,"column":37},"end":{"line":17,"column":63}},{"start":{"line":17,"column":66},"end":{"line":17,"column":71}}],"line":17}},"s":{"0":1,"1":1,"2":96,"3":1,"4":63,"5":1,"6":15,"7":15,"8":15,"9":1,"10":48,"11":48,"12":48,"13":1,"14":24,"15":24,"16":15,"17":15,"18":9,"19":9,"20":9,"21":9,"22":9,"23":1,"24":3,"25":12,"26":48,"27":3,"28":3,"29":3,"30":1},"f":{"0":96,"1":63,"2":15,"3":15,"4":48,"5":24,"6":15,"7":9,"8":9,"9":9,"10":3,"11":12,"12":48},"b":{"0":[0,15],"1":[15,33]},"_coverageSchema":"43e27e138ebf9cfc5966b082cf9a028302ed4184","hash":"ede38619bb827ad16170c02260f21a4543d5cfd8"}
,"/Users/sam/Desktop/backend-project-lvl2/src/formatters/toPlain.js": {"path":"/Users/sam/Desktop/backend-project-lvl2/src/formatters/toPlain.js","statementMap":{"0":{"start":{"line":1,"column":17},"end":{"line":1,"column":77}},"1":{"start":{"line":1,"column":27},"end":{"line":1,"column":76}},"2":{"start":{"line":3,"column":17},"end":{"line":16,"column":1}},"3":{"start":{"line":4,"column":16},"end":{"line":10,"column":3}},"4":{"start":{"line":5,"column":27},"end":{"line":5,"column":98}},"5":{"start":{"line":6,"column":29},"end":{"line":6,"column":61}},"6":{"start":{"line":7,"column":29},"end":{"line":7,"column":127}},"7":{"start":{"line":8,"column":32},"end":{"line":8,"column":90}},"8":{"start":{"line":8,"column":70},"end":{"line":8,"column":78}},"9":{"start":{"line":9,"column":18},"end":{"line":9,"column":20}},"10":{"start":{"line":11,"column":15},"end":{"line":14,"column":5}},"11":{"start":{"line":11,"column":31},"end":{"line":14,"column":4}},"12":{"start":{"line":12,"column":27},"end":{"line":12,"column":31}},"13":{"start":{"line":13,"column":4},"end":{"line":13,"column":100}},"14":{"start":{"line":15,"column":2},"end":{"line":15,"column":34}},"15":{"start":{"line":18,"column":0},"end":{"line":18,"column":26}}},"fnMap":{"0":{"name":"(anonymous_0)","decl":{"start":{"line":1,"column":17},"end":{"line":1,"column":18}},"loc":{"start":{"line":1,"column":27},"end":{"line":1,"column":76}},"line":1},"1":{"name":"(anonymous_1)","decl":{"start":{"line":3,"column":17},"end":{"line":3,"column":18}},"loc":{"start":{"line":3,"column":26},"end":{"line":16,"column":1}},"line":3},"2":{"name":"(anonymous_2)","decl":{"start":{"line":5,"column":11},"end":{"line":5,"column":12}},"loc":{"start":{"line":5,"column":27},"end":{"line":5,"column":98}},"line":5},"3":{"name":"(anonymous_3)","decl":{"start":{"line":6,"column":13},"end":{"line":6,"column":14}},"loc":{"start":{"line":6,"column":29},"end":{"line":6,"column":61}},"line":6},"4":{"name":"(anonymous_4)","decl":{"start":{"line":7,"column":13},"end":{"line":7,"column":14}},"loc":{"start":{"line":7,"column":29},"end":{"line":7,"column":127}},"line":7},"5":{"name":"(anonymous_5)","decl":{"start":{"line":8,"column":12},"end":{"line":8,"column":13}},"loc":{"start":{"line":8,"column":32},"end":{"line":8,"column":90}},"line":8},"6":{"name":"(anonymous_6)","decl":{"start":{"line":8,"column":63},"end":{"line":8,"column":64}},"loc":{"start":{"line":8,"column":70},"end":{"line":8,"column":78}},"line":8},"7":{"name":"(anonymous_7)","decl":{"start":{"line":9,"column":12},"end":{"line":9,"column":13}},"loc":{"start":{"line":9,"column":18},"end":{"line":9,"column":20}},"line":9},"8":{"name":"(anonymous_8)","decl":{"start":{"line":11,"column":15},"end":{"line":11,"column":16}},"loc":{"start":{"line":11,"column":31},"end":{"line":14,"column":4}},"line":11},"9":{"name":"(anonymous_9)","decl":{"start":{"line":11,"column":39},"end":{"line":11,"column":40}},"loc":{"start":{"line":11,"column":49},"end":{"line":14,"column":3}},"line":11}},"branchMap":{"0":{"loc":{"start":{"line":1,"column":27},"end":{"line":1,"column":76}},"type":"cond-expr","locations":[{"start":{"line":1,"column":53},"end":{"line":1,"column":70}},{"start":{"line":1,"column":73},"end":{"line":1,"column":76}}],"line":1},"1":{"loc":{"start":{"line":13,"column":11},"end":{"line":13,"column":99}},"type":"cond-expr","locations":[{"start":{"line":13,"column":25},"end":{"line":13,"column":54}},{"start":{"line":13,"column":57},"end":{"line":13,"column":99}}],"line":13}},"s":{"0":1,"1":33,"2":1,"3":3,"4":15,"5":6,"6":9,"7":9,"8":36,"9":9,"10":3,"11":12,"12":48,"13":48,"14":3,"15":1},"f":{"0":33,"1":3,"2":15,"3":6,"4":9,"5":9,"6":36,"7":9,"8":12,"9":48},"b":{"0":[12,21],"1":[12,36]},"_coverageSchema":"43e27e138ebf9cfc5966b082cf9a028302ed4184","hash":"5effdad9e39f0a70a97acfe370e1a95fc4a40318"}
}
