{"/Users/sam/Desktop/backend-project-lvl2/src/index.js": {"path":"/Users/sam/Desktop/backend-project-lvl2/src/index.js","statementMap":{"0":{"start":{"line":1,"column":11},"end":{"line":1,"column":24}},"1":{"start":{"line":3,"column":18},"end":{"line":3,"column":61}},"2":{"start":{"line":3,"column":28},"end":{"line":3,"column":61}},"3":{"start":{"line":5,"column":16},"end":{"line":16,"column":1}},"4":{"start":{"line":6,"column":15},"end":{"line":14,"column":11}},"5":{"start":{"line":8,"column":6},"end":{"line":12,"column":7}},"6":{"start":{"line":9,"column":8},"end":{"line":11,"column":93}},"7":{"start":{"line":13,"column":6},"end":{"line":13,"column":58}},"8":{"start":{"line":15,"column":2},"end":{"line":15,"column":14}},"9":{"start":{"line":18,"column":16},"end":{"line":26,"column":1}},"10":{"start":{"line":19,"column":22},"end":{"line":19,"column":38}},"11":{"start":{"line":20,"column":23},"end":{"line":20,"column":39}},"12":{"start":{"line":21,"column":20},"end":{"line":23,"column":69}},"13":{"start":{"line":22,"column":27},"end":{"line":23,"column":63}},"14":{"start":{"line":24,"column":15},"end":{"line":24,"column":60}},"15":{"start":{"line":25,"column":2},"end":{"line":25,"column":40}},"16":{"start":{"line":28,"column":0},"end":{"line":28,"column":25}}},"fnMap":{"0":{"name":"(anonymous_0)","decl":{"start":{"line":3,"column":18},"end":{"line":3,"column":19}},"loc":{"start":{"line":3,"column":28},"end":{"line":3,"column":61}},"line":3},"1":{"name":"(anonymous_1)","decl":{"start":{"line":5,"column":16},"end":{"line":5,"column":17}},"loc":{"start":{"line":5,"column":52},"end":{"line":16,"column":1}},"line":5},"2":{"name":"(anonymous_2)","decl":{"start":{"line":7,"column":12},"end":{"line":7,"column":13}},"loc":{"start":{"line":7,"column":27},"end":{"line":14,"column":5}},"line":7},"3":{"name":"(anonymous_3)","decl":{"start":{"line":18,"column":16},"end":{"line":18,"column":17}},"loc":{"start":{"line":18,"column":34},"end":{"line":26,"column":1}},"line":18},"4":{"name":"(anonymous_4)","decl":{"start":{"line":22,"column":12},"end":{"line":22,"column":13}},"loc":{"start":{"line":22,"column":27},"end":{"line":23,"column":63}},"line":22}},"branchMap":{"0":{"loc":{"start":{"line":8,"column":6},"end":{"line":12,"column":7}},"type":"if","locations":[{"start":{"line":8,"column":6},"end":{"line":12,"column":7}},{"start":{"line":8,"column":6},"end":{"line":12,"column":7}}],"line":8},"1":{"loc":{"start":{"line":9,"column":15},"end":{"line":11,"column":92}},"type":"cond-expr","locations":[{"start":{"line":10,"column":12},"end":{"line":10,"column":56}},{"start":{"line":11,"column":12},"end":{"line":11,"column":92}}],"line":9},"2":{"loc":{"start":{"line":22,"column":27},"end":{"line":23,"column":63}},"type":"cond-expr","locations":[{"start":{"line":23,"column":8},"end":{"line":23,"column":16}},{"start":{"line":23,"column":19},"end":{"line":23,"column":63}}],"line":22}},"s":{"0":1,"1":1,"2":2,"3":1,"4":1,"5":4,"6":2,"7":2,"8":1,"9":1,"10":1,"11":1,"12":1,"13":3,"14":1,"15":1,"16":1},"f":{"0":2,"1":1,"2":4,"3":1,"4":3},"b":{"0":[2,2],"1":[1,1],"2":[2,1]},"_coverageSchema":"43e27e138ebf9cfc5966b082cf9a028302ed4184","hash":"f96a487207d0f0166f68afdd7af5345a2943c7a7"}
}
