TN:
SF:/Users/sam/Desktop/backend-project-lvl2/src/buildAst.js
FN:1,(anonymous_0)
FN:1,(anonymous_1)
FN:3,(anonymous_2)
FN:8,(anonymous_3)
FN:9,(anonymous_4)
FN:13,(anonymous_5)
FN:14,(anonymous_6)
FN:18,(anonymous_7)
FN:20,(anonymous_8)
FN:24,(anonymous_9)
FN:25,(anonymous_10)
FN:29,(anonymous_11)
FN:30,(anonymous_12)
FN:34,(anonymous_13)
FN:34,(anonymous_14)
FN:36,(anonymous_15)
FN:38,(anonymous_16)
FNF:17
FNH:17
FNDA:24,(anonymous_0)
FNDA:150,(anonymous_1)
FNDA:474,(anonymous_2)
FNDA:96,(anonymous_3)
FNDA:30,(anonymous_4)
FNDA:66,(anonymous_5)
FNDA:12,(anonymous_6)
FNDA:54,(anonymous_7)
FNDA:18,(anonymous_8)
FNDA:36,(anonymous_9)
FNDA:18,(anonymous_10)
FNDA:18,(anonymous_11)
FNDA:18,(anonymous_12)
FNDA:96,(anonymous_13)
FNDA:270,(anonymous_14)
FNDA:24,(anonymous_15)
FNDA:96,(anonymous_16)
DA:1,150
DA:3,474
DA:5,1
DA:8,96
DA:9,30
DA:13,66
DA:14,12
DA:18,54
DA:20,18
DA:24,36
DA:25,18
DA:29,18
DA:30,18
DA:34,270
DA:36,1
DA:37,24
DA:38,24
DA:39,96
DA:40,96
DA:44,1
LF:20
LH:20
BRDA:1,0,0,54
BRDA:1,0,1,96
BRDA:8,1,0,96
BRDA:8,1,1,84
BRDA:13,2,0,66
BRDA:13,2,1,12
BRDA:18,3,0,54
BRDA:18,3,1,54
BRDA:18,3,2,54
BRDA:18,3,3,24
BRDA:24,4,0,36
BRDA:24,4,1,36
BRDA:24,4,2,36
BRDA:29,5,0,18
BRDA:29,5,1,18
BRDA:29,5,2,18
BRF:16
BRH:16
end_of_record
TN:
SF:/Users/sam/Desktop/backend-project-lvl2/src/index.js
FN:7,(anonymous_0)
FN:8,(anonymous_1)
FN:10,(anonymous_2)
FNF:3
FNH:3
FNDA:12,(anonymous_0)
FNDA:12,(anonymous_1)
FNDA:6,(anonymous_2)
DA:1,1
DA:2,1
DA:3,1
DA:4,1
DA:5,1
DA:7,12
DA:8,12
DA:10,1
DA:11,6
DA:12,6
DA:13,6
DA:14,6
DA:15,6
DA:16,6
DA:17,6
DA:18,6
LF:16
LH:16
BRDA:10,0,0,3
BRF:1
BRH:1
end_of_record
TN:
SF:/Users/sam/Desktop/backend-project-lvl2/src/parsers.js
FN:5,(anonymous_0)
FN:6,(anonymous_1)
FN:7,(anonymous_2)
FNF:3
FNH:3
FNDA:4,(anonymous_0)
FNDA:4,(anonymous_1)
FNDA:4,(anonymous_2)
DA:1,1
DA:2,1
DA:4,1
DA:5,4
DA:6,4
DA:7,4
LF:6
LH:6
BRF:0
BRH:0
end_of_record
TN:
SF:/Users/sam/Desktop/backend-project-lvl2/src/utils.js
FN:1,(anonymous_0)
FN:1,(anonymous_1)
FNF:2
FNH:2
FNDA:30,(anonymous_0)
FNDA:93,(anonymous_1)
DA:1,93
DA:4,1
LF:2
LH:2
BRDA:1,0,0,27
BRDA:1,0,1,66
BRF:2
BRH:2
end_of_record
TN:
SF:/Users/sam/Desktop/backend-project-lvl2/src/formatters/index.js
FN:5,(anonymous_0)
FN:6,(anonymous_1)
FN:9,(anonymous_2)
FNF:3
FNH:3
FNDA:3,(anonymous_0)
FNDA:3,(anonymous_1)
FNDA:6,(anonymous_2)
DA:1,1
DA:2,1
DA:4,1
DA:5,3
DA:6,3
DA:9,6
LF:6
LH:6
BRF:0
BRH:0
end_of_record
TN:
SF:/Users/sam/Desktop/backend-project-lvl2/src/formatters/toObject.js
FN:3,(anonymous_0)
FN:5,(anonymous_1)
FN:7,(anonymous_2)
FN:9,(anonymous_3)
FN:16,(anonymous_4)
FN:23,(anonymous_5)
FN:27,(anonymous_6)
FN:31,(anonymous_7)
FN:32,(anonymous_8)
FN:36,(anonymous_9)
FN:43,(anonymous_10)
FN:44,(anonymous_11)
FN:44,(anonymous_12)
FNF:13
FNH:13
FNDA:96,(anonymous_0)
FNDA:63,(anonymous_1)
FNDA:15,(anonymous_2)
FNDA:15,(anonymous_3)
FNDA:48,(anonymous_4)
FNDA:24,(anonymous_5)
FNDA:15,(anonymous_6)
FNDA:9,(anonymous_7)
FNDA:9,(anonymous_8)
FNDA:9,(anonymous_9)
FNDA:3,(anonymous_10)
FNDA:12,(anonymous_11)
FNDA:48,(anonymous_12)
DA:1,1
DA:3,96
DA:5,63
DA:7,1
DA:8,15
DA:9,15
DA:16,1
DA:17,48
DA:18,48
DA:19,48
DA:22,1
DA:24,24
DA:25,24
DA:28,15
DA:29,15
DA:31,9
DA:33,9
DA:34,9
DA:37,9
DA:38,9
DA:43,1
DA:44,48
DA:45,3
DA:46,3
DA:47,3
DA:50,1
LF:26
LH:26
BRDA:9,0,0,0
BRDA:9,0,1,15
BRDA:17,1,0,15
BRDA:17,1,1,33
BRF:4
BRH:3
end_of_record
TN:
SF:/Users/sam/Desktop/backend-project-lvl2/src/formatters/toPlain.js
FN:1,(anonymous_0)
FN:3,(anonymous_1)
FN:5,(anonymous_2)
FN:6,(anonymous_3)
FN:7,(anonymous_4)
FN:8,(anonymous_5)
FN:8,(anonymous_6)
FN:9,(anonymous_7)
FN:11,(anonymous_8)
FN:11,(anonymous_9)
FNF:10
FNH:10
FNDA:33,(anonymous_0)
FNDA:3,(anonymous_1)
FNDA:15,(anonymous_2)
FNDA:6,(anonymous_3)
FNDA:9,(anonymous_4)
FNDA:9,(anonymous_5)
FNDA:36,(anonymous_6)
FNDA:9,(anonymous_7)
FNDA:12,(anonymous_8)
FNDA:48,(anonymous_9)
DA:1,33
DA:3,1
DA:4,3
DA:5,15
DA:6,6
DA:7,9
DA:8,36
DA:9,9
DA:11,12
DA:12,48
DA:13,48
DA:15,3
DA:18,1
LF:13
LH:13
BRDA:1,0,0,12
BRDA:1,0,1,21
BRDA:13,1,0,12
BRDA:13,1,1,36
BRF:4
BRH:4
end_of_record
