TN:
SF:/Users/sam/Desktop/backend-project-lvl2/src/index.js
FN:3,(anonymous_0)
FN:5,(anonymous_1)
FN:7,(anonymous_2)
FN:18,(anonymous_3)
FN:22,(anonymous_4)
FNF:5
FNH:5
FNDA:2,(anonymous_0)
FNDA:1,(anonymous_1)
FNDA:4,(anonymous_2)
FNDA:1,(anonymous_3)
FNDA:3,(anonymous_4)
DA:1,1
DA:3,2
DA:5,1
DA:6,1
DA:8,4
DA:9,2
DA:13,2
DA:15,1
DA:18,1
DA:19,1
DA:20,1
DA:21,1
DA:22,3
DA:24,1
DA:25,1
DA:28,1
LF:16
LH:16
BRDA:8,0,0,2
BRDA:8,0,1,2
BRDA:9,1,0,1
BRDA:9,1,1,1
BRDA:22,2,0,2
BRDA:22,2,1,1
BRF:6
BRH:6
end_of_record
